[ 2017-08-28T10:40:42+08:00 ] ::1 /devtoupiao/index.php/
INFO: [ app_init ] --START--
INFO: Run Behavior\BuildLiteBehavior [ RunTime:0.001000s ]
INFO: [ app_init ] --END-- [ RunTime:0.002000s ]
INFO: [ app_begin ] --START--
INFO: Run Behavior\ReadHtmlCacheBehavior [ RunTime:0.001000s ]
INFO: [ app_begin ] --END-- [ RunTime:0.001000s ]
NOTIC: [8] Undefined index: id C:\php\phpstudy\WWW\devtoupiao\Application\Home\Controller\CommonController.class.php 第 6 行.

[ 2017-08-28T10:40:44+08:00 ] ::1 /devtoupiao/index.php/Home/Login/login/id/
INFO: [ app_init ] --START--
INFO: Run Behavior\BuildLiteBehavior [ RunTime:0.000000s ]
INFO: [ app_init ] --END-- [ RunTime:0.001000s ]
INFO: [ app_begin ] --START--
INFO: Run Behavior\ReadHtmlCacheBehavior [ RunTime:0.001001s ]
INFO: [ app_begin ] --END-- [ RunTime:0.001001s ]
NOTIC: [8] Undefined index: id C:\php\phpstudy\WWW\devtoupiao\Application\Home\Controller\LoginController.class.php 第 8 行.
INFO: [ view_parse ] --START--
INFO: [ template_filter ] --START--
INFO: Run Behavior\ContentReplaceBehavior [ RunTime:0.000000s ]
INFO: [ template_filter ] --END-- [ RunTime:0.000000s ]
INFO: Run Behavior\ParseTemplateBehavior [ RunTime:0.018001s ]
INFO: [ view_parse ] --END-- [ RunTime:0.018001s ]
INFO: [ view_filter ] --START--
INFO: Run Behavior\WriteHtmlCacheBehavior [ RunTime:0.001000s ]
INFO: [ view_filter ] --END-- [ RunTime:0.001000s ]
INFO: [ app_end ] --START--
INFO: Run Behavior\ShowPageTraceBehavior [ RunTime:0.000000s ]
INFO: [ app_end ] --END-- [ RunTime:0.000000s ]

[ 2017-08-28T10:40:44+08:00 ] ::1 /devtoupiao/index.php/Home/Login/login/id/images/bj.jpg
INFO: [ app_init ] --START--
INFO: Run Behavior\BuildLiteBehavior [ RunTime:0.000000s ]
INFO: [ app_init ] --END-- [ RunTime:0.000000s ]

[ 2017-08-28T13:33:03+08:00 ] ::1 /devtoupiao/index.php/Home/Index/index/id/9
INFO: [ app_init ] --START--
INFO: Run Behavior\BuildLiteBehavior [ RunTime:0.000000s ]
INFO: [ app_init ] --END-- [ RunTime:0.000000s ]
INFO: [ app_begin ] --START--
INFO: Run Behavior\ReadHtmlCacheBehavior [ RunTime:0.000000s ]
INFO: [ app_begin ] --END-- [ RunTime:0.000000s ]
SQL: SHOW COLUMNS FROM `p_menber` [ RunTime:0.0060s ]
SQL: SELECT * FROM `p_menber` WHERE `uid` = 1  [ RunTime:0.0010s ]
SQL: SHOW COLUMNS FROM `p_product` [ RunTime:0.0040s ]
SQL: SELECT * FROM `p_product` WHERE `id` = 9  [ RunTime:0.0000s ]
INFO: [ view_parse ] --START--
INFO: [ template_filter ] --START--
INFO: Run Behavior\ContentReplaceBehavior [ RunTime:0.000000s ]
INFO: [ template_filter ] --END-- [ RunTime:0.000000s ]
INFO: Run Behavior\ParseTemplateBehavior [ RunTime:0.017001s ]
INFO: [ view_parse ] --END-- [ RunTime:0.017001s ]
INFO: [ view_filter ] --START--
INFO: Run Behavior\WriteHtmlCacheBehavior [ RunTime:0.001000s ]
INFO: [ view_filter ] --END-- [ RunTime:0.001000s ]
INFO: [ app_end ] --START--
INFO: Run Behavior\ShowPageTraceBehavior [ RunTime:0.000000s ]
INFO: [ app_end ] --END-- [ RunTime:0.000000s ]

[ 2017-08-28T13:33:12+08:00 ] ::1 /devtoupiao/index.php/Home/Index/result/id/9/state/1
INFO: [ app_init ] --START--
INFO: Run Behavior\BuildLiteBehavior [ RunTime:0.000000s ]
INFO: [ app_init ] --END-- [ RunTime:0.000000s ]
INFO: [ app_begin ] --START--
INFO: Run Behavior\ReadHtmlCacheBehavior [ RunTime:0.000000s ]
INFO: [ app_begin ] --END-- [ RunTime:0.000000s ]
SQL: SHOW COLUMNS FROM `p_menber` [ RunTime:0.0040s ]
SQL: SELECT * FROM `p_menber` WHERE `uid` = 1  [ RunTime:0.0000s ]
SQL: SHOW COLUMNS FROM `p_product` [ RunTime:0.0040s ]
SQL: SHOW COLUMNS FROM `p_orderlog` [ RunTime:0.0040s ]
SQL: SELECT * FROM `p_product` WHERE `id` = 9  [ RunTime:0.0000s ]
SQL: SELECT * FROM `p_orderlog` WHERE `userid` = 1 AND `productid` = 9  [ RunTime:0.0000s ]
NOTIC: [8] Undefined index: price C:\php\phpstudy\WWW\devtoupiao\Application\Home\Controller\IndexController.class.php 第 25 行.
SQL: SELECT * FROM `p_orderlog` WHERE `userid` = 1 AND `state` = 1  [ RunTime:0.0000s ]
SQL: SELECT * FROM `p_orderlog` WHERE `userid` = 1 AND `state` = 2  [ RunTime:0.0010s ]
SQL: SELECT * FROM `p_orderlog` WHERE `userid` = 1 AND `state` = 3  [ RunTime:0.0000s ]
SQL: SELECT * FROM `p_orderlog` WHERE `userid` = 1 AND `state` = 1  [ RunTime:0.0000s ]
INFO: [ view_parse ] --START--
INFO: [ template_filter ] --START--
INFO: Run Behavior\ContentReplaceBehavior [ RunTime:0.000000s ]
INFO: [ template_filter ] --END-- [ RunTime:0.000000s ]
NOTIC: [8] Undefined variable: msgchuang C:\php\phpstudy\WWW\devtoupiao\Application\Runtime\Cache\Home\52160acf02b94d3c6daf1b9d1b963035.php 第 74 行.
NOTIC: [8] Undefined variable: msgyong C:\php\phpstudy\WWW\devtoupiao\Application\Runtime\Cache\Home\52160acf02b94d3c6daf1b9d1b963035.php 第 75 行.
NOTIC: [8] Undefined variable: duomei C:\php\phpstudy\WWW\devtoupiao\Application\Runtime\Cache\Home\52160acf02b94d3c6daf1b9d1b963035.php 第 76 行.
NOTIC: [8] Undefined variable: msgduomei C:\php\phpstudy\WWW\devtoupiao\Application\Runtime\Cache\Home\52160acf02b94d3c6daf1b9d1b963035.php 第 76 行.
INFO: Run Behavior\ParseTemplateBehavior [ RunTime:0.008001s ]
INFO: [ view_parse ] --END-- [ RunTime:0.008001s ]
INFO: [ view_filter ] --START--
INFO: Run Behavior\WriteHtmlCacheBehavior [ RunTime:0.001000s ]
INFO: [ view_filter ] --END-- [ RunTime:0.001000s ]
INFO: [ app_end ] --START--
INFO: Run Behavior\ShowPageTraceBehavior [ RunTime:0.000000s ]
INFO: [ app_end ] --END-- [ RunTime:0.000000s ]

[ 2017-08-28T13:33:26+08:00 ] ::1 /devtoupiao/index.php/Home/Index/result/id/9/state/1
INFO: [ app_init ] --START--
INFO: Run Behavior\BuildLiteBehavior [ RunTime:0.000000s ]
INFO: [ app_init ] --END-- [ RunTime:0.000000s ]
INFO: [ app_begin ] --START--
INFO: Run Behavior\ReadHtmlCacheBehavior [ RunTime:0.001000s ]
INFO: [ app_begin ] --END-- [ RunTime:0.001000s ]
SQL: SHOW COLUMNS FROM `p_menber` [ RunTime:0.0040s ]
SQL: SELECT * FROM `p_menber` WHERE `uid` = 1  [ RunTime:0.0000s ]
SQL: SHOW COLUMNS FROM `p_product` [ RunTime:0.0040s ]
SQL: SHOW COLUMNS FROM `p_orderlog` [ RunTime:0.0040s ]
SQL: SELECT * FROM `p_product` WHERE `id` = 9  [ RunTime:0.0010s ]
SQL: SELECT * FROM `p_orderlog` WHERE `userid` = 1 AND `productid` = 9  [ RunTime:0.0000s ]
NOTIC: [8] Undefined index: price C:\php\phpstudy\WWW\devtoupiao\Application\Home\Controller\IndexController.class.php 第 25 行.
SQL: SELECT * FROM `p_orderlog` WHERE `userid` = 1 AND `state` = 1  [ RunTime:0.0010s ]
SQL: SELECT * FROM `p_orderlog` WHERE `userid` = 1 AND `state` = 2  [ RunTime:0.0000s ]
SQL: SELECT * FROM `p_orderlog` WHERE `userid` = 1 AND `state` = 3  [ RunTime:0.0000s ]
SQL: SELECT * FROM `p_orderlog` WHERE `userid` = 1 AND `state` = 1  [ RunTime:0.0010s ]
INFO: [ view_parse ] --START--
INFO: [ template_filter ] --START--
INFO: Run Behavior\ContentReplaceBehavior [ RunTime:0.000000s ]
INFO: [ template_filter ] --END-- [ RunTime:0.000000s ]
NOTIC: [8] Undefined variable: msgchuang C:\php\phpstudy\WWW\devtoupiao\Application\Runtime\Cache\Home\52160acf02b94d3c6daf1b9d1b963035.php 第 74 行.
NOTIC: [8] Undefined variable: msgyong C:\php\phpstudy\WWW\devtoupiao\Application\Runtime\Cache\Home\52160acf02b94d3c6daf1b9d1b963035.php 第 75 行.
NOTIC: [8] Undefined variable: duomei C:\php\phpstudy\WWW\devtoupiao\Application\Runtime\Cache\Home\52160acf02b94d3c6daf1b9d1b963035.php 第 76 行.
NOTIC: [8] Undefined variable: msgduomei C:\php\phpstudy\WWW\devtoupiao\Application\Runtime\Cache\Home\52160acf02b94d3c6daf1b9d1b963035.php 第 76 行.
INFO: Run Behavior\ParseTemplateBehavior [ RunTime:0.006000s ]
INFO: [ view_parse ] --END-- [ RunTime:0.006000s ]
INFO: [ view_filter ] --START--
INFO: Run Behavior\WriteHtmlCacheBehavior [ RunTime:0.000000s ]
INFO: [ view_filter ] --END-- [ RunTime:0.001000s ]
INFO: [ app_end ] --START--
INFO: Run Behavior\ShowPageTraceBehavior [ RunTime:0.000000s ]
INFO: [ app_end ] --END-- [ RunTime:0.000000s ]

