[ 2017-08-18T21:50:32+08:00 ] ::1 /index.php/Admin/User/crontab
INFO: [ app_init ] --START--
INFO: Run Behavior\BuildLiteBehavior [ RunTime:0.000000s ]
INFO: [ app_init ] --END-- [ RunTime:0.011000s ]
INFO: [ app_begin ] --START--
INFO: Run Behavior\ReadHtmlCacheBehavior [ RunTime:0.006001s ]
INFO: [ app_begin ] --END-- [ RunTime:0.006001s ]
SQL: SHOW COLUMNS FROM `p_incomelog` [ RunTime:0.0350s ]
SQL: SELECT * FROM `p_incomelog` WHERE `addymd` = '2017-08-18' AND `type` = 10  [ RunTime:0.0130s ]
SQL: SHOW COLUMNS FROM `p_orderlog` [ RunTime:0.0150s ]
SQL: SELECT * FROM `p_orderlog` WHERE `states` = 1 AND `productid` = 1  [ RunTime:0.0110s ]
SQL: SHOW COLUMNS FROM `p_menber` [ RunTime:0.0390s ]
SQL: SELECT * FROM `p_incomelog` WHERE `type` = 10 AND `userid` = 2 AND `orderid` = '53'  [ RunTime:0.0010s ]
SQL: SHOW COLUMNS FROM `p_config` [ RunTime:0.0400s ]
SQL: SELECT * FROM `p_config` WHERE `id` = 1  [ RunTime:0.0110s ]
SQL: SELECT * FROM `p_config` WHERE `id` = 2  [ RunTime:0.0010s ]
SQL: SELECT * FROM `p_config` WHERE `id` = 1  [ RunTime:0.0010s ]
SQL: SELECT * FROM `p_menber` WHERE `uid` = 2  [ RunTime:0.0010s ]
SQL: UPDATE `p_menber` SET `jingbag`='277' WHERE `uid` = 2 [ RunTime:0.0020s ]
SQL: INSERT INTO `p_incomelog` (`state`,`reson`,`type`,`addymd`,`addtime`,`orderid`,`userid`,`income`) VALUES ('1','静态收益','10','2017-08-18','1503064232','53','2','15.0') [ RunTime:0.0010s ]
INFO: [ app_end ] --START--
INFO: Run Behavior\ShowPageTraceBehavior [ RunTime:0.011001s ]
INFO: [ app_end ] --END-- [ RunTime:0.011001s ]

